# JRE version: OpenJDK Runtime Environment (11.0.12+7) (build 11.0.12+7-b1504.28-7817840)
# Java VM: OpenJDK 64-Bit Server VM (11.0.12+7-b1504.28-7817840, mixed mode, tiered, compressed oops, g1 gc, windows-amd64)
Heap:
 garbage-first heap   total 114688K, used 65498K [0x0000000080000000, 0x0000000100000000)
  region size 1024K, 21 young (21504K), 2 survivors (2048K)
 Metaspace       used 58593K, capacity 60045K, committed 60160K, reserved 1101824K
  class space    used 7470K, capacity 8003K, committed 8064K, reserved 1048576K
GC Heap History (20 events):
Event: 10.119 GC heap before
{Heap before GC invocations=2 (full 0):
 garbage-first heap   total 114688K, used 56204K [0x0000000080000000, 0x0000000100000000)
  region size 1024K, 46 young (47104K), 1 survivors (1024K)
 Metaspace       used 17412K, capacity 17781K, committed 18048K, reserved 1064960K
  class space    used 2040K, capacity 2147K, committed 2176K, reserved 1048576K
}
Event: 10.126 GC heap after
{Heap after GC invocations=3 (full 0):
 garbage-first heap   total 114688K, used 16203K [0x0000000080000000, 0x0000000100000000)
  region size 1024K, 6 young (6144K), 6 survivors (6144K)
 Metaspace       used 17412K, capacity 17781K, committed 18048K, reserved 1064960K
  class space    used 2040K, capacity 2147K, committed 2176K, reserved 1048576K
}
Event: 10.677 GC heap before
{Heap before GC invocations=3 (full 0):
 garbage-first heap   total 114688K, used 46923K [0x0000000080000000, 0x0000000100000000)
  region size 1024K, 37 young (37888K), 6 survivors (6144K)
 Metaspace       used 20704K, capacity 21137K, committed 21248K, reserved 1067008K
  class space    used 2547K, capacity 2712K, committed 2816K, reserved 1048576K
}
Event: 10.690 GC heap after
{Heap after GC invocations=4 (full 0):
 garbage-first heap   total 114688K, used 17417K [0x0000000080000000, 0x0000000100000000)
  region size 1024K, 2 young (2048K), 2 survivors (2048K)
 Metaspace       used 20704K, capacity 21137K, committed 21248K, reserved 1067008K
  class space    used 2547K, capacity 2712K, committed 2816K, reserved 1048576K
}
Event: 11.831 GC heap before
{Heap before GC invocations=5 (full 0):
 garbage-first heap   total 114688K, used 62473K [0x0000000080000000, 0x0000000100000000)
  region size 1024K, 47 young (48128K), 2 survivors (2048K)
 Metaspace       used 25502K, capacity 26069K, committed 26368K, reserved 1073152K
  class space    used 3287K, capacity 3489K, committed 3584K, reserved 1048576K
}
Event: 11.836 GC heap after
{Heap after GC invocations=6 (full 0):
 garbage-first heap   total 114688K, used 19072K [0x0000000080000000, 0x0000000100000000)
  region size 1024K, 3 young (3072K), 3 survivors (3072K)
 Metaspace       used 25502K, capacity 26069K, committed 26368K, reserved 1073152K
  class space    used 3287K, capacity 3489K, committed 3584K, reserved 1048576K
}
Event: 14.171 GC heap before
{Heap before GC invocations=6 (full 0):
 garbage-first heap   total 114688K, used 68224K [0x0000000080000000, 0x0000000100000000)
  region size 1024K, 51 young (52224K), 3 survivors (3072K)
 Metaspace       used 30379K, capacity 31066K, committed 31232K, reserved 1077248K
  class space    used 4064K, capacity 4310K, committed 4352K, reserved 1048576K
}
Event: 14.177 GC heap after
{Heap after GC invocations=7 (full 0):
 garbage-first heap   total 114688K, used 20651K [0x0000000080000000, 0x0000000100000000)
  region size 1024K, 5 young (5120K), 5 survivors (5120K)
 Metaspace       used 30379K, capacity 31066K, committed 31232K, reserved 1077248K
  class space    used 4064K, capacity 4310K, committed 4352K, reserved 1048576K
}
Event: 14.872 GC heap before
{Heap before GC invocations=7 (full 0):
 garbage-first heap   total 114688K, used 40107K [0x0000000080000000, 0x0000000100000000)
  region size 1024K, 25 young (25600K), 5 survivors (5120K)
 Metaspace       used 34845K, capacity 35698K, committed 35840K, reserved 1081344K
  class space    used 4545K, capacity 4898K, committed 4992K, reserved 1048576K
}
Event: 14.887 GC heap after
{Heap after GC invocations=8 (full 0):
 garbage-first heap   total 114688K, used 22609K [0x0000000080000000, 0x0000000100000000)
  region size 1024K, 6 young (6144K), 6 survivors (6144K)
 Metaspace       used 34845K, capacity 35698K, committed 35840K, reserved 1081344K
  class space    used 4545K, capacity 4898K, committed 4992K, reserved 1048576K
}
Event: 17.553 GC heap before
{Heap before GC invocations=9 (full 0):
 garbage-first heap   total 114688K, used 75857K [0x0000000080000000, 0x0000000100000000)
  region size 1024K, 55 young (56320K), 6 survivors (6144K)
 Metaspace       used 40044K, capacity 41010K, committed 41088K, reserved 1085440K
  class space    used 5079K, capacity 5443K, committed 5504K, reserved 1048576K
}
Event: 17.568 GC heap after
{Heap after GC invocations=10 (full 0):
 garbage-first heap   total 114688K, used 27503K [0x0000000080000000, 0x0000000100000000)
  region size 1024K, 7 young (7168K), 7 survivors (7168K)
 Metaspace       used 40044K, capacity 41010K, committed 41088K, reserved 1085440K
  class space    used 5079K, capacity 5443K, committed 5504K, reserved 1048576K
}
Event: 18.980 GC heap before
{Heap before GC invocations=10 (full 0):
 garbage-first heap   total 114688K, used 79727K [0x0000000080000000, 0x0000000100000000)
  region size 1024K, 57 young (58368K), 7 survivors (7168K)
 Metaspace       used 43875K, capacity 44870K, committed 44928K, reserved 1087488K
  class space    used 5588K, capacity 5982K, committed 6016K, reserved 1048576K
}
Event: 18.992 GC heap after
{Heap after GC invocations=11 (full 0):
 garbage-first heap   total 114688K, used 30823K [0x0000000080000000, 0x0000000100000000)
  region size 1024K, 7 young (7168K), 7 survivors (7168K)
 Metaspace       used 43875K, capacity 44870K, committed 44928K, reserved 1087488K
  class space    used 5588K, capacity 5982K, committed 6016K, reserved 1048576K
}
Event: 20.598 GC heap before
{Heap before GC invocations=11 (full 0):
 garbage-first heap   total 114688K, used 80999K [0x0000000080000000, 0x0000000100000000)
  region size 1024K, 56 young (57344K), 7 survivors (7168K)
 Metaspace       used 47654K, capacity 48741K, committed 48896K, reserved 1091584K
  class space    used 6141K, capacity 6551K, committed 6656K, reserved 1048576K
}
Event: 20.605 GC heap after
{Heap after GC invocations=12 (full 0):
 garbage-first heap   total 114688K, used 32449K [0x0000000080000000, 0x0000000100000000)
  region size 1024K, 5 young (5120K), 5 survivors (5120K)
 Metaspace       used 47654K, capacity 48741K, committed 48896K, reserved 1091584K
  class space    used 6141K, capacity 6551K, committed 6656K, reserved 1048576K
}
Event: 22.023 GC heap before
{Heap before GC invocations=12 (full 0):
 garbage-first heap   total 114688K, used 85697K [0x0000000080000000, 0x0000000100000000)
  region size 1024K, 54 young (55296K), 5 survivors (5120K)
 Metaspace       used 49553K, capacity 50728K, committed 50944K, reserved 1093632K
  class space    used 6361K, capacity 6823K, committed 6912K, reserved 1048576K
}
Event: 22.034 GC heap after
{Heap after GC invocations=13 (full 0):
 garbage-first heap   total 114688K, used 44120K [0x0000000080000000, 0x0000000100000000)
  region size 1024K, 7 young (7168K), 7 survivors (7168K)
 Metaspace       used 49553K, capacity 50728K, committed 50944K, reserved 1093632K
  class space    used 6361K, capacity 6823K, committed 6912K, reserved 1048576K
}
Event: 24.065 GC heap before
{Heap before GC invocations=13 (full 0):
 garbage-first heap   total 114688K, used 86104K [0x0000000080000000, 0x0000000100000000)
  region size 1024K, 48 young (49152K), 7 survivors (7168K)
 Metaspace       used 55447K, capacity 56744K, committed 57088K, reserved 1099776K
  class space    used 7071K, capacity 7568K, committed 7680K, reserved 1048576K
}
Event: 24.073 GC heap after
{Heap after GC invocations=14 (full 0):
 garbage-first heap   total 114688K, used 47066K [0x0000000080000000, 0x0000000100000000)
  region size 1024K, 2 young (2048K), 2 survivors (2048K)
 Metaspace       used 55447K, capacity 56744K, committed 57088K, reserved 1099776K
  class space    used 7071K, capacity 7568K, committed 7680K, reserved 1048576K
}

